app/build/intermediates/manifest_merge_blame_file/debug/manifest-merger-blame-debug-report.txt
1<?xml version="1.0" encoding="utf-8"?>
2<manifest xmlns:android="http://schemas.android.com/apk/res/android"
3    package="com.example.medicult"
4    android:versionCode="1"
5    android:versionName="1.0" >
6
7    <uses-sdk
8        android:minSdkVersion="26"
8-->src\main\AndroidManifest.xml
9        android:targetSdkVersion="32" />
9-->src\main\AndroidManifest.xml
10    <!-- To auto-complete the email text field in the login form with the user's emails -->
11    <uses-permission android:name="android.permission.GET_ACCOUNTS" />
11-->src\main\AndroidManifest.xml:5:5-71
11-->src\main\AndroidManifest.xml:5:22-68
12    <uses-permission android:name="android.permission.READ_PROFILE" />
12-->src\main\AndroidManifest.xml:6:5-71
12-->src\main\AndroidManifest.xml:6:22-68
13    <uses-permission android:name="android.permission.READ_CONTACTS" />
13-->src\main\AndroidManifest.xml:7:5-72
13-->src\main\AndroidManifest.xml:7:22-69
14    <!--
15         The ACCESS_COARSE/FINE_LOCATION permissions are not required to use
16         Google Maps Android API v2, but you must specify either coarse or fine
17         location permissions for the 'MyLocation' functionality. 
18    -->
19    <uses-permission android:name="android.permission.ACCESS_FINE_LOCATION" />
19-->src\main\AndroidManifest.xml:13:5-79
19-->src\main\AndroidManifest.xml:13:22-76
20    <uses-permission android:name="android.permission.ACCESS_COARSE_LOCATION" />
20-->src\main\AndroidManifest.xml:14:5-81
20-->src\main\AndroidManifest.xml:14:22-78
21    <uses-permission android:name="android.permission.INTERNET" />
21-->src\main\AndroidManifest.xml:15:5-67
21-->src\main\AndroidManifest.xml:15:22-64
22    <uses-permission android:name="android.permission.READ_EXTERNAL_STORAGE" />
22-->src\main\AndroidManifest.xml:16:5-80
22-->src\main\AndroidManifest.xml:16:22-77
23    <uses-permission android:name="android.permission.ACCESS_WIFI_STATE" /> <!-- Include required permissions for Google Maps API to run. -->
23-->[com.google.android.libraries.places:places:1.0.0] AndroidManifest.xml:10:5-76
23-->[com.google.android.libraries.places:places:1.0.0] AndroidManifest.xml:10:22-73
24    <uses-permission android:name="android.permission.ACCESS_NETWORK_STATE" />
24-->[com.google.android.gms:play-services-maps:16.1.0] AndroidManifest.xml:23:5-79
24-->[com.google.android.gms:play-services-maps:16.1.0] AndroidManifest.xml:23:22-76
25
26    <uses-feature
26-->[com.google.android.gms:play-services-maps:16.1.0] AndroidManifest.xml:26:5-28:35
27        android:glEsVersion="0x00020000"
27-->[com.google.android.gms:play-services-maps:16.1.0] AndroidManifest.xml:27:9-41
28        android:required="true" />
28-->[com.google.android.gms:play-services-maps:16.1.0] AndroidManifest.xml:28:9-32
29
30    <uses-permission android:name="android.permission.WAKE_LOCK" />
30-->[com.google.firebase:firebase-measurement-connector-impl:17.0.5] AndroidManifest.xml:24:5-68
30-->[com.google.firebase:firebase-measurement-connector-impl:17.0.5] AndroidManifest.xml:24:22-65
31    <uses-permission android:name="com.google.android.finsky.permission.BIND_GET_INSTALL_REFERRER_SERVICE" /> <!-- Required by older versions of Google Play services to create IID tokens -->
31-->[com.google.firebase:firebase-analytics:16.3.0] AndroidManifest.xml:26:5-110
31-->[com.google.firebase:firebase-analytics:16.3.0] AndroidManifest.xml:26:22-107
32    <uses-permission android:name="com.google.android.c2dm.permission.RECEIVE" />
32-->[com.google.firebase:firebase-iid:17.0.3] AndroidManifest.xml:26:5-82
32-->[com.google.firebase:firebase-iid:17.0.3] AndroidManifest.xml:26:22-79
33
34    <application
34-->src\main\AndroidManifest.xml:18:5-72:19
35        android:allowBackup="true"
35-->src\main\AndroidManifest.xml:19:9-35
36        android:debuggable="true"
37        android:extractNativeLibs="false"
38        android:icon="@mipmap/ic_launcher"
38-->src\main\AndroidManifest.xml:20:9-43
39        android:label="@string/app_name"
39-->src\main\AndroidManifest.xml:21:9-41
40        android:roundIcon="@mipmap/ic_launcher_round"
40-->src\main\AndroidManifest.xml:22:9-54
41        android:supportsRtl="true"
41-->src\main\AndroidManifest.xml:23:9-35
42        android:theme="@style/AppTheme" >
42-->src\main\AndroidManifest.xml:24:9-40
43        <activity android:name="com.example.medicult.ResetPasswordActivity" />
43-->src\main\AndroidManifest.xml:25:9-79
43-->src\main\AndroidManifest.xml:25:19-76
44        <activity android:name="com.example.medicult.CustomerRegistration" />
44-->src\main\AndroidManifest.xml:26:9-78
44-->src\main\AndroidManifest.xml:26:19-75
45        <activity android:name="com.example.medicult.DriverSignup" />
45-->src\main\AndroidManifest.xml:27:9-70
45-->src\main\AndroidManifest.xml:27:19-67
46        <activity android:name="com.example.medicult.CustomerSignup" />
46-->src\main\AndroidManifest.xml:28:9-72
46-->src\main\AndroidManifest.xml:28:19-69
47
48        <service
48-->src\main\AndroidManifest.xml:30:9-32:44
49            android:name="com.example.medicult.onAppKilled"
49-->src\main\AndroidManifest.xml:31:13-60
50            android:stopWithTask="false" />
50-->src\main\AndroidManifest.xml:32:13-41
51
52        <activity
52-->src\main\AndroidManifest.xml:34:9-43:20
53            android:name="com.example.medicult.Welcome_Activity"
53-->src\main\AndroidManifest.xml:34:19-71
54            android:exported="true" >
54-->src\main\AndroidManifest.xml:35:13-36
55            <intent-filter>
55-->src\main\AndroidManifest.xml:37:13-42:29
56                <action android:name="android.intent.action.MAIN" />
56-->src\main\AndroidManifest.xml:38:17-69
56-->src\main\AndroidManifest.xml:38:25-66
57                <action android:name="android.intent.action.VIEW" />
57-->src\main\AndroidManifest.xml:39:17-69
57-->src\main\AndroidManifest.xml:39:25-66
58
59                <category android:name="android.intent.category.LAUNCHER" />
59-->src\main\AndroidManifest.xml:41:17-77
59-->src\main\AndroidManifest.xml:41:27-74
60            </intent-filter>
61        </activity>
62        <activity
62-->src\main\AndroidManifest.xml:44:9-46:69
63            android:name="com.example.medicult.CustomerLoginActivity"
63-->src\main\AndroidManifest.xml:45:13-70
64            android:label="@string/title_activity_customer_login" />
64-->src\main\AndroidManifest.xml:46:13-66
65        <activity
65-->src\main\AndroidManifest.xml:47:9-49:67
66            android:name="com.example.medicult.DriverLoginActivity"
66-->src\main\AndroidManifest.xml:48:13-68
67            android:label="@string/title_activity_driver_login" />
67-->src\main\AndroidManifest.xml:49:13-64
68        <!--
69             The API key for Google Maps-based APIs is defined as a string resource.
70             (See the file "res/values/google_maps_api.xml").
71             Note that the API key is linked to the encryption key used to sign the APK.
72             You need a different API key for each encryption key, including the release key that is used to
73             sign the APK for publishing.
74             You can define the keys for the debug and release targets in src/debug/ and src/release/. 
75        -->
76        <meta-data
76-->src\main\AndroidManifest.xml:58:9-60:55
77            android:name="com.google.android.geo.API_KEY"
77-->src\main\AndroidManifest.xml:59:13-58
78            android:value="@string/google_maps_key" />
78-->src\main\AndroidManifest.xml:60:13-52
79
80        <activity
80-->src\main\AndroidManifest.xml:62:9-64:65
81            android:name="com.example.medicult.DriverMapActivity"
81-->src\main\AndroidManifest.xml:63:13-66
82            android:label="@string/title_activity_driver_map" />
82-->src\main\AndroidManifest.xml:64:13-62
83        <activity
83-->src\main\AndroidManifest.xml:65:9-67:67
84            android:name="com.example.medicult.CustomerMapActivity"
84-->src\main\AndroidManifest.xml:66:13-68
85            android:label="@string/title_activity_customer_map" />
85-->src\main\AndroidManifest.xml:67:13-64
86        <activity android:name="com.example.medicult.DriverSettingActivity" />
86-->src\main\AndroidManifest.xml:68:9-79
86-->src\main\AndroidManifest.xml:68:19-76
87        <activity android:name="com.example.medicult.CustomerSettingsActivity" />
87-->src\main\AndroidManifest.xml:69:9-82
87-->src\main\AndroidManifest.xml:69:19-79
88        <activity android:name="com.example.medicult.HistorySingleActivity" />
88-->src\main\AndroidManifest.xml:70:9-79
88-->src\main\AndroidManifest.xml:70:19-76
89        <activity android:name="com.example.medicult.HistoryActivity" />
89-->src\main\AndroidManifest.xml:71:9-73
89-->src\main\AndroidManifest.xml:71:19-70
90
91        <meta-data
91-->[com.android.support:design:26.1.0] AndroidManifest.xml:26:9-28:38
92            android:name="android.support.VERSION"
92-->[com.android.support:design:26.1.0] AndroidManifest.xml:27:13-51
93            android:value="26.1.0" /> <!-- Autocomplete -->
93-->[com.android.support:design:26.1.0] AndroidManifest.xml:28:13-35
94        <activity
94-->[com.google.android.libraries.places:places:1.0.0] AndroidManifest.xml:16:9-23:20
95            android:name="com.google.android.libraries.places.widget.AutocompleteActivity"
95-->[com.google.android.libraries.places:places:1.0.0] AndroidManifest.xml:17:13-91
96            android:exported="false"
96-->[com.google.android.libraries.places:places:1.0.0] AndroidManifest.xml:18:13-37
97            android:hardwareAccelerated="true"
97-->[com.google.android.libraries.places:places:1.0.0] AndroidManifest.xml:19:13-47
98            android:label="@string/places_autocomplete_label"
98-->[com.google.android.libraries.places:places:1.0.0] AndroidManifest.xml:20:13-62
99            android:theme="@style/PlacesAutocompleteThemeOverlay"
99-->[com.google.android.libraries.places:places:1.0.0] AndroidManifest.xml:21:13-66
100            android:windowSoftInputMode="stateAlwaysVisible|adjustPan" >
100-->[com.google.android.libraries.places:places:1.0.0] AndroidManifest.xml:22:13-71
101        </activity> <!-- Needs to be explicitly declared on P+ -->
102        <uses-library
102-->[com.google.android.gms:play-services-maps:16.1.0] AndroidManifest.xml:33:9-35:40
103            android:name="org.apache.http.legacy"
103-->[com.google.android.gms:play-services-maps:16.1.0] AndroidManifest.xml:34:13-50
104            android:required="false" />
104-->[com.google.android.gms:play-services-maps:16.1.0] AndroidManifest.xml:35:13-37
105
106        <activity
106-->[com.google.firebase:firebase-auth:16.2.0] AndroidManifest.xml:24:9-31:50
107            android:name="com.google.firebase.auth.internal.FederatedSignInActivity"
107-->[com.google.firebase:firebase-auth:16.2.0] AndroidManifest.xml:25:13-85
108            android:excludeFromRecents="true"
108-->[com.google.firebase:firebase-auth:16.2.0] AndroidManifest.xml:26:13-46
109            android:exported="true"
109-->[com.google.firebase:firebase-auth:16.2.0] AndroidManifest.xml:27:13-36
110            android:launchMode="singleTask"
110-->[com.google.firebase:firebase-auth:16.2.0] AndroidManifest.xml:28:13-44
111            android:permission="com.google.firebase.auth.api.gms.permission.LAUNCH_FEDERATED_SIGN_IN"
111-->[com.google.firebase:firebase-auth:16.2.0] AndroidManifest.xml:29:13-102
112            android:theme="@android:style/Theme.Translucent.NoTitleBar" />
112-->[com.google.firebase:firebase-auth:16.2.0] AndroidManifest.xml:30:13-72
113
114        <service
114-->[com.google.firebase:firebase-auth:16.2.0] AndroidManifest.xml:33:9-39:19
115            android:name="com.google.firebase.components.ComponentDiscoveryService"
115-->[com.google.firebase:firebase-auth:16.2.0] AndroidManifest.xml:34:13-84
116            android:exported="false" >
116-->[com.google.firebase:firebase-auth:16.2.0] AndroidManifest.xml:35:13-37
117            <meta-data
117-->[com.google.firebase:firebase-auth:16.2.0] AndroidManifest.xml:36:13-38:85
118                android:name="com.google.firebase.components:com.google.firebase.auth.FirebaseAuthRegistrar"
118-->[com.google.firebase:firebase-auth:16.2.0] AndroidManifest.xml:37:17-109
119                android:value="com.google.firebase.components.ComponentRegistrar" />
119-->[com.google.firebase:firebase-auth:16.2.0] AndroidManifest.xml:38:17-82
120            <meta-data
120-->[com.google.firebase:firebase-measurement-connector-impl:17.0.5] AndroidManifest.xml:28:13-30:85
121                android:name="com.google.firebase.components:com.google.firebase.analytics.connector.internal.AnalyticsConnectorRegistrar"
121-->[com.google.firebase:firebase-measurement-connector-impl:17.0.5] AndroidManifest.xml:29:17-139
122                android:value="com.google.firebase.components.ComponentRegistrar" />
122-->[com.google.firebase:firebase-measurement-connector-impl:17.0.5] AndroidManifest.xml:30:17-82
123            <meta-data
123-->[com.google.firebase:firebase-iid:17.0.3] AndroidManifest.xml:32:13-34:85
124                android:name="com.google.firebase.components:com.google.firebase.iid.Registrar"
124-->[com.google.firebase:firebase-iid:17.0.3] AndroidManifest.xml:33:17-96
125                android:value="com.google.firebase.components.ComponentRegistrar" />
125-->[com.google.firebase:firebase-iid:17.0.3] AndroidManifest.xml:34:17-82
126        </service>
127
128        <activity
128-->[com.google.android.gms:play-services-auth:16.0.1] AndroidManifest.xml:23:9-27:75
129            android:name="com.google.android.gms.auth.api.signin.internal.SignInHubActivity"
129-->[com.google.android.gms:play-services-auth:16.0.1] AndroidManifest.xml:24:13-93
130            android:excludeFromRecents="true"
130-->[com.google.android.gms:play-services-auth:16.0.1] AndroidManifest.xml:25:13-46
131            android:exported="false"
131-->[com.google.android.gms:play-services-auth:16.0.1] AndroidManifest.xml:26:13-37
132            android:theme="@android:style/Theme.Translucent.NoTitleBar" />
132-->[com.google.android.gms:play-services-auth:16.0.1] AndroidManifest.xml:27:13-72
133        <!--
134            Service handling Google Sign-In user revocation. For apps that do not integrate with
135            Google Sign-In, this service will never be started.
136        -->
137        <service
137-->[com.google.android.gms:play-services-auth:16.0.1] AndroidManifest.xml:33:9-36:110
138            android:name="com.google.android.gms.auth.api.signin.RevocationBoundService"
138-->[com.google.android.gms:play-services-auth:16.0.1] AndroidManifest.xml:34:13-89
139            android:exported="true"
139-->[com.google.android.gms:play-services-auth:16.0.1] AndroidManifest.xml:35:13-36
140            android:permission="com.google.android.gms.auth.api.signin.permission.REVOCATION_NOTIFICATION" />
140-->[com.google.android.gms:play-services-auth:16.0.1] AndroidManifest.xml:36:13-107
141
142        <receiver
142-->[com.google.firebase:firebase-analytics:16.3.0] AndroidManifest.xml:29:9-33:20
143            android:name="com.google.android.gms.measurement.AppMeasurementReceiver"
143-->[com.google.firebase:firebase-analytics:16.3.0] AndroidManifest.xml:30:13-85
144            android:enabled="true"
144-->[com.google.firebase:firebase-analytics:16.3.0] AndroidManifest.xml:31:13-35
145            android:exported="false" >
145-->[com.google.firebase:firebase-analytics:16.3.0] AndroidManifest.xml:32:13-37
146        </receiver>
147        <receiver
147-->[com.google.firebase:firebase-analytics:16.3.0] AndroidManifest.xml:34:9-42:20
148            android:name="com.google.android.gms.measurement.AppMeasurementInstallReferrerReceiver"
148-->[com.google.firebase:firebase-analytics:16.3.0] AndroidManifest.xml:35:13-100
149            android:enabled="true"
149-->[com.google.firebase:firebase-analytics:16.3.0] AndroidManifest.xml:36:13-35
150            android:exported="true"
150-->[com.google.firebase:firebase-analytics:16.3.0] AndroidManifest.xml:37:13-36
151            android:permission="android.permission.INSTALL_PACKAGES" >
151-->[com.google.firebase:firebase-analytics:16.3.0] AndroidManifest.xml:38:13-69
152            <intent-filter>
152-->[com.google.firebase:firebase-analytics:16.3.0] AndroidManifest.xml:39:13-41:29
153                <action android:name="com.android.vending.INSTALL_REFERRER" />
153-->[com.google.firebase:firebase-analytics:16.3.0] AndroidManifest.xml:40:17-79
153-->[com.google.firebase:firebase-analytics:16.3.0] AndroidManifest.xml:40:25-76
154            </intent-filter>
155        </receiver>
156
157        <service
157-->[com.google.firebase:firebase-analytics:16.3.0] AndroidManifest.xml:44:9-47:40
158            android:name="com.google.android.gms.measurement.AppMeasurementService"
158-->[com.google.firebase:firebase-analytics:16.3.0] AndroidManifest.xml:45:13-84
159            android:enabled="true"
159-->[com.google.firebase:firebase-analytics:16.3.0] AndroidManifest.xml:46:13-35
160            android:exported="false" />
160-->[com.google.firebase:firebase-analytics:16.3.0] AndroidManifest.xml:47:13-37
161        <service
161-->[com.google.firebase:firebase-analytics:16.3.0] AndroidManifest.xml:48:9-52:72
162            android:name="com.google.android.gms.measurement.AppMeasurementJobService"
162-->[com.google.firebase:firebase-analytics:16.3.0] AndroidManifest.xml:49:13-87
163            android:enabled="true"
163-->[com.google.firebase:firebase-analytics:16.3.0] AndroidManifest.xml:50:13-35
164            android:exported="false"
164-->[com.google.firebase:firebase-analytics:16.3.0] AndroidManifest.xml:51:13-37
165            android:permission="android.permission.BIND_JOB_SERVICE" />
165-->[com.google.firebase:firebase-analytics:16.3.0] AndroidManifest.xml:52:13-69
166
167        <receiver
167-->[com.google.firebase:firebase-iid:17.0.3] AndroidManifest.xml:37:9-44:20
168            android:name="com.google.firebase.iid.FirebaseInstanceIdReceiver"
168-->[com.google.firebase:firebase-iid:17.0.3] AndroidManifest.xml:38:13-78
169            android:exported="true"
169-->[com.google.firebase:firebase-iid:17.0.3] AndroidManifest.xml:39:13-36
170            android:permission="com.google.android.c2dm.permission.SEND" >
170-->[com.google.firebase:firebase-iid:17.0.3] AndroidManifest.xml:40:13-73
171            <intent-filter>
171-->[com.google.firebase:firebase-iid:17.0.3] AndroidManifest.xml:41:13-43:29
172                <action android:name="com.google.android.c2dm.intent.RECEIVE" />
172-->[com.google.firebase:firebase-iid:17.0.3] AndroidManifest.xml:42:17-81
172-->[com.google.firebase:firebase-iid:17.0.3] AndroidManifest.xml:42:25-78
173            </intent-filter>
174        </receiver>
175        <!--
176             FirebaseInstanceIdService performs security checks at runtime,
177             no need for explicit permissions despite exported="true"
178        -->
179        <service
179-->[com.google.firebase:firebase-iid:17.0.3] AndroidManifest.xml:50:9-56:19
180            android:name="com.google.firebase.iid.FirebaseInstanceIdService"
180-->[com.google.firebase:firebase-iid:17.0.3] AndroidManifest.xml:51:13-77
181            android:exported="true" >
181-->[com.google.firebase:firebase-iid:17.0.3] AndroidManifest.xml:52:13-36
182            <intent-filter android:priority="-500" >
182-->[com.google.firebase:firebase-iid:17.0.3] AndroidManifest.xml:53:13-55:29
182-->[com.google.firebase:firebase-iid:17.0.3] AndroidManifest.xml:53:28-51
183                <action android:name="com.google.firebase.INSTANCE_ID_EVENT" />
183-->[com.google.firebase:firebase-iid:17.0.3] AndroidManifest.xml:54:17-80
183-->[com.google.firebase:firebase-iid:17.0.3] AndroidManifest.xml:54:25-77
184            </intent-filter>
185        </service>
186
187        <activity
187-->[com.google.android.gms:play-services-base:16.1.0] AndroidManifest.xml:23:9-26:75
188            android:name="com.google.android.gms.common.api.GoogleApiActivity"
188-->[com.google.android.gms:play-services-base:16.1.0] AndroidManifest.xml:24:13-79
189            android:exported="false"
189-->[com.google.android.gms:play-services-base:16.1.0] AndroidManifest.xml:25:13-37
190            android:theme="@android:style/Theme.Translucent.NoTitleBar" />
190-->[com.google.android.gms:play-services-base:16.1.0] AndroidManifest.xml:26:13-72
191
192        <provider
192-->[com.google.firebase:firebase-common:16.0.4] AndroidManifest.xml:10:9-14:39
193            android:name="com.google.firebase.provider.FirebaseInitProvider"
193-->[com.google.firebase:firebase-common:16.0.4] AndroidManifest.xml:11:13-77
194            android:authorities="com.example.medicult.firebaseinitprovider"
194-->[com.google.firebase:firebase-common:16.0.4] AndroidManifest.xml:12:13-72
195            android:exported="false"
195-->[com.google.firebase:firebase-common:16.0.4] AndroidManifest.xml:13:13-37
196            android:initOrder="100" />
196-->[com.google.firebase:firebase-common:16.0.4] AndroidManifest.xml:14:13-36
197
198        <meta-data
198-->[com.google.android.gms:play-services-basement:16.2.0] AndroidManifest.xml:23:9-25:69
199            android:name="com.google.android.gms.version"
199-->[com.google.android.gms:play-services-basement:16.2.0] AndroidManifest.xml:24:13-58
200            android:value="@integer/google_play_services_version" />
200-->[com.google.android.gms:play-services-basement:16.2.0] AndroidManifest.xml:25:13-66
201        <meta-data
201-->[android.arch.lifecycle:runtime:1.0.0] AndroidManifest.xml:25:9-27:47
202            android:name="android.arch.lifecycle.VERSION"
202-->[android.arch.lifecycle:runtime:1.0.0] AndroidManifest.xml:26:13-58
203            android:value="27.0.0-SNAPSHOT" />
203-->[android.arch.lifecycle:runtime:1.0.0] AndroidManifest.xml:27:13-44
204    </application>
205
206</manifest>